<?xml version="1.0" encoding="UTF-8"?>
<!-- Generated by org.testng.reporters.JUnitXMLReporter -->
<testsuite ignored="8" hostname="Yash" failures="0" tests="35" name="EndToEnd" time="0.405" errors="0" timestamp="2026-05-16T20:28:10 IST">
  <testcase classname="coachcloud.dev.setup" name="@BeforeSuite openlogin" time="7.887">
    <failure type="org.openqa.selenium.NoSuchWindowException" message="no such window: target window already closed
from unknown error: web view not found
  (Session info: chrome=148.0.7778.168)
Build info: version: &amp;apos;4.39.0&amp;apos;, revision: &amp;apos;126f156aee&amp;apos;
System info: os.name: &amp;apos;Windows 11&amp;apos;, os.arch: &amp;apos;amd64&amp;apos;, os.version: &amp;apos;10.0&amp;apos;, java.version: &amp;apos;21&amp;apos;
Driver info: org.openqa.selenium.chrome.ChromeDriver
Command: [f84578015e64adbbfc3678fd3a28b2d4, maximizeCurrentWindow {}]
Capabilities {acceptInsecureCerts: false, browserName: chrome, browserVersion: 148.0.7778.168, chrome: {chromedriverVersion: 148.0.7778.167 (65db666ac2c..., userDataDir: C:\Users\DELL\AppData\Local...}, fedcm:accounts: true, goog:chromeOptions: {debuggerAddress: localhost:55707}, goog:processID: 27388, networkConnectionEnabled: false, pageLoadStrategy: normal, platformName: windows, proxy: Proxy(), se:cdp: ws://localhost:55707/devtoo..., se:cdpVersion: 148.0.7778.168, setWindowRect: true, strictFileInteractability: false, timeouts: {implicit: 0, pageLoad: 300000, script: 30000}, unhandledPromptBehavior: dismiss and notify, webauthn:extension:credBlob: true, webauthn:extension:largeBlob: true, webauthn:extension:minPinLength: true, webauthn:extension:prf: true, webauthn:virtualAuthenticators: true}
Session ID: f84578015e64adbbfc3678fd3a28b2d4">
      <![CDATA[org.openqa.selenium.NoSuchWindowException: no such window: target window already closed
from unknown error: web view not found
  (Session info: chrome=148.0.7778.168)
Build info: version: '4.39.0', revision: '126f156aee'
System info: os.name: 'Windows 11', os.arch: 'amd64', os.version: '10.0', java.version: '21'
Driver info: org.openqa.selenium.chrome.ChromeDriver
Command: [f84578015e64adbbfc3678fd3a28b2d4, maximizeCurrentWindow {}]
Capabilities {acceptInsecureCerts: false, browserName: chrome, browserVersion: 148.0.7778.168, chrome: {chromedriverVersion: 148.0.7778.167 (65db666ac2c..., userDataDir: C:\Users\DELL\AppData\Local...}, fedcm:accounts: true, goog:chromeOptions: {debuggerAddress: localhost:55707}, goog:processID: 27388, networkConnectionEnabled: false, pageLoadStrategy: normal, platformName: windows, proxy: Proxy(), se:cdp: ws://localhost:55707/devtoo..., se:cdpVersion: 148.0.7778.168, setWindowRect: true, strictFileInteractability: false, timeouts: {implicit: 0, pageLoad: 300000, script: 30000}, unhandledPromptBehavior: dismiss and notify, webauthn:extension:credBlob: true, webauthn:extension:largeBlob: true, webauthn:extension:minPinLength: true, webauthn:extension:prf: true, webauthn:virtualAuthenticators: true}
Session ID: f84578015e64adbbfc3678fd3a28b2d4
at org.openqa.selenium.remote.ErrorCodec.decode(ErrorCodec.java:167)
at org.openqa.selenium.remote.codec.w3c.W3CHttpResponseCodec.decode(W3CHttpResponseCodec.java:142)
at org.openqa.selenium.remote.codec.w3c.W3CHttpResponseCodec.decode(W3CHttpResponseCodec.java:49)
at org.openqa.selenium.remote.HttpCommandExecutor.execute(HttpCommandExecutor.java:215)
at org.openqa.selenium.remote.service.DriverCommandExecutor.invokeExecute(DriverCommandExecutor.java:216)
at org.openqa.selenium.remote.service.DriverCommandExecutor.execute(DriverCommandExecutor.java:174)
at org.openqa.selenium.remote.RemoteWebDriver.execute(RemoteWebDriver.java:561)
at org.openqa.selenium.remote.RemoteWebDriver.execute(RemoteWebDriver.java:638)
at org.openqa.selenium.remote.RemoteWebDriver.execute(RemoteWebDriver.java:642)
at org.openqa.selenium.remote.RemoteWebDriver$RemoteWebDriverOptions$RemoteWindow.maximize(RemoteWebDriver.java:1098)
at coachcloud.dev.setup.openlogin(setup.java:20)
... Removed 20 stack frames]]>
    </failure>
  </testcase> <!-- @BeforeSuite openlogin -->
  <testcase classname="coachcloud.dev.loginpage" name="forgetpasswrongemail" time="0.0">
    <skipped/>
  </testcase> <!-- forgetpasswrongemail -->
  <testcase classname="coachcloud.dev.loginpage" name="logininvalidcred" time="0.0">
    <skipped/>
  </testcase> <!-- logininvalidcred -->
  <testcase classname="coachcloud.dev.loginpage" name="loginvalidcred" time="0.0">
    <skipped/>
  </testcase> <!-- loginvalidcred -->
  <testcase classname="Admin.Dashboard" name="adminuserconfirm" time="0.0">
    <skipped/>
  </testcase> <!-- adminuserconfirm -->
  <testcase classname="Admin.Athlete" name="athletepgsuccess" time="0.0">
    <skipped/>
  </testcase> <!-- athletepgsuccess -->
  <testcase classname="Admin.Athlete" name="totalcount" time="0.0">
    <skipped/>
  </testcase> <!-- totalcount -->
  <testcase classname="Admin.Athlete" name="searchath" time="0.0">
    <skipped/>
  </testcase> <!-- searchath -->
  <testcase classname="Admin.Athlete" name="invpopupathbyadmin" time="0.0">
    <skipped/>
  </testcase> <!-- invpopupathbyadmin -->
  <testcase classname="Admin.Athlete" name="blankmandatefield" time="0.0">
    <skipped/>
  </testcase> <!-- blankmandatefield -->
  <testcase classname="Admin.Athlete" name="existathinvbyadmin" time="0.0">
    <skipped/>
  </testcase> <!-- existathinvbyadmin -->
  <testcase classname="Admin.Athlete" name="invpopupathbyadminfillinfo" time="0.0">
    <skipped/>
  </testcase> <!-- invpopupathbyadminfillinfo -->
  <testcase classname="Admin.Athlete" name="athinvbyadmin" time="0.0">
    <skipped/>
  </testcase> <!-- athinvbyadmin -->
  <testcase classname="Admin.Athlete" name="resentwithin24h" time="0.0">
    <skipped/>
  </testcase> <!-- resentwithin24h -->
  <testcase classname="Admin.Athlete" name="deleteath" time="0.0">
    <skipped/>
  </testcase> <!-- deleteath -->
  <testcase classname="Admin.Athlete" name="newathstatus" time="0.0">
    <skipped/>
  </testcase> <!-- newathstatus -->
  <testcase classname="Admin.Athlete" name="athpagination" time="0.0">
    <skipped/>
  </testcase> <!-- athpagination -->
  <testcase classname="Admin.Athlete" name="athprofileview" time="0.0">
    <skipped/>
  </testcase> <!-- athprofileview -->
  <testcase classname="Admin.Coach" name="coachpagination" time="0.0">
    <skipped/>
  </testcase> <!-- coachpagination -->
  <testcase classname="Admin.Coach" name="coachpgsuccess" time="0.0">
    <skipped/>
  </testcase> <!-- coachpgsuccess -->
  <testcase classname="Admin.Coach" name="coachtotalcount" time="0.0">
    <skipped/>
  </testcase> <!-- coachtotalcount -->
  <testcase classname="Admin.Coach" name="searchcoach" time="0.0">
    <skipped/>
  </testcase> <!-- searchcoach -->
  <testcase classname="Admin.Coach" name="invpopupcchbyadmin" time="0.0">
    <skipped/>
  </testcase> <!-- invpopupcchbyadmin -->
  <testcase classname="Admin.Coach" name="blankmandatefield" time="0.0">
    <skipped/>
  </testcase> <!-- blankmandatefield -->
  <testcase classname="Admin.Coach" name="existchhinvbyadmin" time="0.0">
    <skipped/>
  </testcase> <!-- existchhinvbyadmin -->
  <testcase classname="Admin.Coach" name="invpopupcchbyadminfillinfo" time="0.0">
    <skipped/>
  </testcase> <!-- invpopupcchbyadminfillinfo -->
  <testcase classname="Admin.Coach" name="coachinvbyadmin" time="0.0">
    <skipped/>
  </testcase> <!-- coachinvbyadmin -->
  <testcase classname="Admin.Coach" name="resentwithin24hrs" time="0.0">
    <skipped/>
  </testcase> <!-- resentwithin24hrs -->
  <testcase classname="Admin.Coach" name="newchhstatus" time="0.0">
    <skipped/>
  </testcase> <!-- newchhstatus -->
  <testcase classname="Admin.Coach" name="deletecoach" time="0.0">
    <skipped/>
  </testcase> <!-- deletecoach -->
  <testcase classname="Coach.dashboard" name="coachlogin" time="0.0">
    <skipped/>
  </testcase> <!-- coachlogin -->
  <testcase classname="Coach.dashboard" name="dashboardvalid" time="0.0">
    <skipped/>
  </testcase> <!-- dashboardvalid -->
  <testcase classname="Coach.dashboard" name="dashboardcontentverify" time="0.0">
    <skipped/>
  </testcase> <!-- dashboardcontentverify -->
  <testcase classname="Coach.dashboard" name="coachplandetail" time="0.0">
    <skipped/>
  </testcase> <!-- coachplandetail -->
  <testcase classname="Coach.dashboard" name="athinvitepopupfillinfo" time="0.0">
    <skipped/>
  </testcase> <!-- athinvitepopupfillinfo -->
  <testcase classname="Coach.dashboard" name="invitreachlimitdath" time="0.0">
    <skipped/>
  </testcase> <!-- invitreachlimitdath -->
  <testcase classname="coachcloud.dev.setup" name="@BeforeSuite openlogin" time="0.0">
    <ignored/>
  </testcase> <!-- @BeforeSuite openlogin -->
  <testcase classname="coachcloud.dev.setup" name="@BeforeSuite openlogin" time="0.0">
    <ignored/>
  </testcase> <!-- @BeforeSuite openlogin -->
  <testcase classname="coachcloud.dev.setup" name="@BeforeSuite openlogin" time="0.0">
    <ignored/>
  </testcase> <!-- @BeforeSuite openlogin -->
  <testcase classname="coachcloud.dev.setup" name="@BeforeSuite openlogin" time="0.0">
    <ignored/>
  </testcase> <!-- @BeforeSuite openlogin -->
  <testcase classname="coachcloud.dev.setup" name="@AfterSuite tearDown" time="0.0">
    <ignored/>
  </testcase> <!-- @AfterSuite tearDown -->
  <testcase classname="coachcloud.dev.setup" name="@AfterSuite tearDown" time="0.0">
    <ignored/>
  </testcase> <!-- @AfterSuite tearDown -->
  <testcase classname="coachcloud.dev.setup" name="@AfterSuite tearDown" time="0.0">
    <ignored/>
  </testcase> <!-- @AfterSuite tearDown -->
  <testcase classname="coachcloud.dev.setup" name="@AfterSuite tearDown" time="0.0">
    <ignored/>
  </testcase> <!-- @AfterSuite tearDown -->
</testsuite> <!-- EndToEnd -->
