<?xml version="1.0" encoding="UTF-8"?>
<!-- Generated by org.testng.reporters.JUnitReportReporter -->
<testsuite hostname="Yash" failures="0" tests="6" name="Coach.dashboard" time="0.000" errors="0" timestamp="2026-05-16T20:28:11 IST" skipped="6">
  <testcase classname="Coach.dashboard" name="coachlogin" time="0.000">
    <skipped/>
  </testcase> <!-- coachlogin -->
  <system-out/>
  <testcase classname="Coach.dashboard" name="dashboardvalid" time="0.000">
    <skipped/>
  </testcase> <!-- dashboardvalid -->
  <system-out/>
  <testcase classname="Coach.dashboard" name="dashboardcontentverify" time="0.000">
    <skipped/>
  </testcase> <!-- dashboardcontentverify -->
  <system-out/>
  <testcase classname="Coach.dashboard" name="coachplandetail" time="0.000">
    <skipped/>
  </testcase> <!-- coachplandetail -->
  <system-out/>
  <testcase classname="Coach.dashboard" name="athinvitepopupfillinfo" time="0.000">
    <skipped/>
  </testcase> <!-- athinvitepopupfillinfo -->
  <system-out/>
  <testcase classname="Coach.dashboard" name="invitreachlimitdath" time="0.000">
    <skipped/>
  </testcase> <!-- invitreachlimitdath -->
  <system-out/>
</testsuite> <!-- Coach.dashboard -->
