<?xml version="1.0" encoding="UTF-8"?>
<!-- Generated by org.testng.reporters.JUnitReportReporter -->
<testsuite hostname="Yash" failures="0" tests="13" name="Admin.Athlete" time="0.000" errors="0" timestamp="2026-05-16T20:28:11 IST" skipped="13">
  <testcase classname="Admin.Athlete" name="athletepgsuccess" time="0.000">
    <skipped/>
  </testcase> <!-- athletepgsuccess -->
  <system-out/>
  <testcase classname="Admin.Athlete" name="totalcount" time="0.000">
    <skipped/>
  </testcase> <!-- totalcount -->
  <system-out/>
  <testcase classname="Admin.Athlete" name="searchath" time="0.000">
    <skipped/>
  </testcase> <!-- searchath -->
  <system-out/>
  <testcase classname="Admin.Athlete" name="invpopupathbyadmin" time="0.000">
    <skipped/>
  </testcase> <!-- invpopupathbyadmin -->
  <system-out/>
  <testcase classname="Admin.Athlete" name="blankmandatefield" time="0.000">
    <skipped/>
  </testcase> <!-- blankmandatefield -->
  <system-out/>
  <testcase classname="Admin.Athlete" name="existathinvbyadmin" time="0.000">
    <skipped/>
  </testcase> <!-- existathinvbyadmin -->
  <system-out/>
  <testcase classname="Admin.Athlete" name="invpopupathbyadminfillinfo" time="0.000">
    <skipped/>
  </testcase> <!-- invpopupathbyadminfillinfo -->
  <system-out/>
  <testcase classname="Admin.Athlete" name="athinvbyadmin" time="0.000">
    <skipped/>
  </testcase> <!-- athinvbyadmin -->
  <system-out/>
  <testcase classname="Admin.Athlete" name="resentwithin24h" time="0.000">
    <skipped/>
  </testcase> <!-- resentwithin24h -->
  <system-out/>
  <testcase classname="Admin.Athlete" name="newathstatus" time="0.000">
    <skipped/>
  </testcase> <!-- newathstatus -->
  <system-out/>
  <testcase classname="Admin.Athlete" name="deleteath" time="0.000">
    <skipped/>
  </testcase> <!-- deleteath -->
  <system-out/>
  <testcase classname="Admin.Athlete" name="athpagination" time="0.000">
    <skipped/>
  </testcase> <!-- athpagination -->
  <system-out/>
  <testcase classname="Admin.Athlete" name="athprofileview" time="0.000">
    <skipped/>
  </testcase> <!-- athprofileview -->
  <system-out/>
</testsuite> <!-- Admin.Athlete -->
